<?xml version="1.0" encoding="UTF-8"?>
<!-- Generated by org.testng.reporters.JUnitReportReporter -->
<testsuite hostname="Long-Bui-0947" failures="0" tests="5" name="com.fnb.web.scenario_tests.Login" time="12.267" errors="0" timestamp="2023-11-02T10:04:37 ICT" skipped="0">
  <testcase classname="com.fnb.web.scenario_tests.Login" name="testCase4" time="2.306"/>
  <testcase classname="com.fnb.web.scenario_tests.Login" name="testCase5" time="4.154"/>
  <testcase classname="com.fnb.web.scenario_tests.Login" name="testCase3" time="1.661"/>
  <testcase classname="com.fnb.web.scenario_tests.Login" name="testCase1" time="2.399"/>
  <testcase classname="com.fnb.web.scenario_tests.Login" name="testCase2" time="1.747"/>
</testsuite> <!-- com.fnb.web.scenario_tests.Login -->
