<?xml version="1.0" encoding="UTF-8"?>
<!-- Generated by org.testng.reporters.JUnitReportReporter -->
<testsuite hostname="Long-Bui-0947" failures="0" tests="1" name="com.fnb.web.tests.admin.login.LoginTest" time="0.627" errors="0" timestamp="2023-11-05T16:02:49 ICT" skipped="0">
  <testcase classname="com.fnb.web.tests.admin.login.LoginTest" name="verifyTitleExist" time="0.627"/>
</testsuite> <!-- com.fnb.web.tests.admin.login.LoginTest -->
