<?xml version="1.0" encoding="UTF-8"?>
<!-- Generated by org.testng.reporters.JUnitReportReporter -->
<testsuite hostname="Long-Bui-0947" failures="0" tests="2" name="com.fnb.web.admin.tests.register.RegisterScenarioTest" time="0.618" errors="0" timestamp="2023-11-06T16:20:24 ICT" skipped="0">
  <testcase classname="com.fnb.web.admin.tests.register.RegisterScenarioTest" name="verifyTitleExist" time="0.316"/>
  <testcase classname="com.fnb.web.admin.tests.register.RegisterScenarioTest" name="verifyTitleExist" time="0.302"/>
</testsuite> <!-- com.fnb.web.admin.tests.register.RegisterScenarioTest -->
